[debug] [2024-07-15T10:42:15.639Z] ----------------------------------------------------------------------
[debug] [2024-07-15T10:42:15.649Z] Command:       C:\Program Files\nodejs\node.exe C:\Users\DEGANA COMPUTER\AppData\Roaming\npm\node_modules\firebase-tools\lib\bin\firebase.js init
[debug] [2024-07-15T10:42:15.650Z] CLI Version:   13.13.2
[debug] [2024-07-15T10:42:15.650Z] Platform:      win32
[debug] [2024-07-15T10:42:15.651Z] Node Version:  v20.12.0
[debug] [2024-07-15T10:42:15.651Z] Time:          Mon Jul 15 2024 16:12:15 GMT+0530 (India Standard Time)
[debug] [2024-07-15T10:42:15.651Z] ----------------------------------------------------------------------
[debug] 
[debug] [2024-07-15T10:42:15.824Z] > refreshing access token with scopes: []
[debug] [2024-07-15T10:42:15.831Z] >>> [apiv2][query] POST https://www.googleapis.com/oauth2/v3/token [none]
[debug] [2024-07-15T10:42:15.832Z] >>> [apiv2][body] POST https://www.googleapis.com/oauth2/v3/token [omitted]
[debug] [2024-07-15T10:42:16.920Z] <<< [apiv2][status] POST https://www.googleapis.com/oauth2/v3/token 200
[debug] [2024-07-15T10:42:16.921Z] <<< [apiv2][body] POST https://www.googleapis.com/oauth2/v3/token [omitted]
[debug] [2024-07-15T10:42:16.943Z] > command requires scopes: ["email","openid","https://www.googleapis.com/auth/cloudplatformprojects.readonly","https://www.googleapis.com/auth/firebase","https://www.googleapis.com/auth/cloud-platform"]
[debug] [2024-07-15T10:42:16.944Z] > authorizing via signed-in user (dazzlecode1@gmail.com)
[info] 
     ######## #### ########  ######## ########     ###     ######  ########
     ##        ##  ##     ## ##       ##     ##  ##   ##  ##       ##
     ######    ##  ########  ######   ########  #########  ######  ######
     ##        ##  ##    ##  ##       ##     ## ##     ##       ## ##
     ##       #### ##     ## ######## ########  ##     ##  ######  ########

You're about to initialize a Firebase project in this directory:

  D:\provis\Mogo

Before we get started, keep in mind:

  * You are initializing within an existing Firebase project directory

[info] 
=== Project Setup
[info] 
[info] First, let's associate this project directory with a Firebase project.
[info] You can create multiple project aliases by running firebase use --add, 
[info] but for now we'll just set up a default project.
[info] 
[debug] [2024-07-15T10:43:08.513Z] Using project from CLI flag: chat-app-15798
[debug] [2024-07-15T10:43:08.516Z] >>> [apiv2][query] GET https://firebase.googleapis.com/v1beta1/projects/chat-app-15798 [none]
[debug] [2024-07-15T10:43:10.039Z] <<< [apiv2][status] GET https://firebase.googleapis.com/v1beta1/projects/chat-app-15798 403
[debug] [2024-07-15T10:43:10.040Z] <<< [apiv2][body] GET https://firebase.googleapis.com/v1beta1/projects/chat-app-15798 {"error":{"code":403,"message":"The caller does not have permission","status":"PERMISSION_DENIED"}}
[debug] [2024-07-15T10:43:10.043Z] HTTP Error: 403, The caller does not have permission
[debug] [2024-07-15T10:43:11.034Z] FirebaseError: HTTP Error: 403, The caller does not have permission
    at responseToError (C:\Users\DEGANA COMPUTER\AppData\Roaming\npm\node_modules\firebase-tools\lib\responseToError.js:49:12)
    at RetryOperation._fn (C:\Users\DEGANA COMPUTER\AppData\Roaming\npm\node_modules\firebase-tools\lib\apiv2.js:305:77)
    at process.processTicksAndRejections (node:internal/process/task_queues:95:5)
[error] 
[error] Error: Failed to get Firebase project chat-app-15798. Please make sure the project exists and your account has permission to access it.
